2019-02-27 10:59:10,574 - Log4JLogChute initialized using file 'velocity.log'
2019-02-27 10:59:10,574 - Starting Apache Velocity v1.5 (compiled: 2007-02-22 08:52:29)
2019-02-27 10:59:10,574 - Default Properties File: org/apache/velocity/runtime/defaults/velocity.properties
2019-02-27 10:59:10,574 - Trying to use logger class org.apache.velocity.runtime.log.AvalonLogChute
2019-02-27 10:59:10,575 - Couldn't find class org.apache.velocity.runtime.log.AvalonLogChute or necessary supporting classes in classpath.
java.lang.NoClassDefFoundError: org/apache/log/Priority
	at org.apache.velocity.runtime.log.AvalonLogChute.<clinit>(AvalonLogChute.java:59)
	at java.lang.Class.forName0(Native Method)
	at java.lang.Class.forName(Class.java:348)
	at org.apache.velocity.util.ClassUtils.getClass(ClassUtils.java:63)
	at org.apache.velocity.util.ClassUtils.getNewInstance(ClassUtils.java:95)
	at org.apache.velocity.runtime.log.LogManager.createLogChute(LogManager.java:147)
	at org.apache.velocity.runtime.log.LogManager.updateLog(LogManager.java:208)
	at org.apache.velocity.runtime.RuntimeInstance.initializeLog(RuntimeInstance.java:728)
	at org.apache.velocity.runtime.RuntimeInstance.init(RuntimeInstance.java:240)
	at org.apache.velocity.runtime.RuntimeSingleton.init(RuntimeSingleton.java:113)
	at org.apache.velocity.app.Velocity.init(Velocity.java:83)
	at org.opensaml.DefaultBootstrap.initializeVelocity(DefaultBootstrap.java:105)
	at org.opensaml.DefaultBootstrap.bootstrap(DefaultBootstrap.java:69)
	at com.ebay.iaf.core.idp.saml.OpenSamlLoader.doInit(OpenSamlLoader.java:53)
	at com.ebay.iaf.core.idp.saml.OpenSamlLoader.init(OpenSamlLoader.java:39)
	at com.ebay.raptor.auth.autoconfigure.OpenSamlInitializer$1.run(OpenSamlInitializer.java:22)
	at java.lang.Thread.run(Thread.java:748)
Caused by: java.lang.ClassNotFoundException: org.apache.log.Priority
	at java.net.URLClassLoader.findClass(URLClassLoader.java:381)
	at java.lang.ClassLoader.loadClass(ClassLoader.java:424)
	at sun.misc.Launcher$AppClassLoader.loadClass(Launcher.java:349)
	at java.lang.ClassLoader.loadClass(ClassLoader.java:357)
	... 17 more
2019-02-27 10:59:10,576 - Trying to use logger class org.apache.velocity.runtime.log.Log4JLogChute
2019-02-27 10:59:10,576 - Using logger class org.apache.velocity.runtime.log.Log4JLogChute
2019-02-27 10:59:10,578 - Default ResourceManager initializing. (class org.apache.velocity.runtime.resource.ResourceManagerImpl)
2019-02-27 10:59:10,581 - ResourceLoader instantiated: org.apache.velocity.runtime.resource.loader.ClasspathResourceLoader
2019-02-27 10:59:10,590 - ResourceCache: initialized (class org.apache.velocity.runtime.resource.ResourceCacheImpl)
2019-02-27 10:59:10,592 - Loaded System Directive: org.apache.velocity.runtime.directive.Literal
2019-02-27 10:59:10,593 - Loaded System Directive: org.apache.velocity.runtime.directive.Macro
2019-02-27 10:59:10,594 - Loaded System Directive: org.apache.velocity.runtime.directive.Parse
2019-02-27 10:59:10,594 - Loaded System Directive: org.apache.velocity.runtime.directive.Include
2019-02-27 10:59:10,595 - Loaded System Directive: org.apache.velocity.runtime.directive.Foreach
2019-02-27 10:59:10,609 - Created '20' parsers.
2019-02-27 10:59:10,611 - Velocimacro : "velocimacro.library" is not set.  Trying default library: VM_global_library.vm
2019-02-27 10:59:10,613 - Velocimacro : Default library not found.
2019-02-27 10:59:10,613 - Velocimacro : allowInline = true : VMs can be defined inline in templates
2019-02-27 10:59:10,613 - Velocimacro : allowInlineToOverride = false : VMs defined inline may NOT replace previous VM definitions
2019-02-27 10:59:10,613 - Velocimacro : allowInlineLocal = false : VMs defined inline will be global in scope if allowed.
2019-02-27 10:59:10,613 - Velocimacro : autoload off : VM system will not automatically reload global library macros
